<?xml version="1.0" encoding="UTF-8"?>
<testng-results skipped="0" failed="0" ignored="0" total="1" passed="1">
  <reporter-output>
  </reporter-output>
  <suite name="Default suite" duration-ms="4760" started-at="2018-10-28T19:49:21Z" finished-at="2018-10-28T19:49:25Z">
    <groups>
      <group name="cucumber">
        <method signature="AbstractTestNGCucumberTests.feature(cucumber.api.testng.CucumberFeatureWrapper)[pri:0, instance:com.way2b1.runners.smokeRunner@4bec1f0c]" name="feature" class="cucumber.api.testng.AbstractTestNGCucumberTests"/>
      </group> <!-- cucumber -->
    </groups>
    <test name="Default test" duration-ms="4760" started-at="2018-10-28T19:49:21Z" finished-at="2018-10-28T19:49:25Z">
      <class name="com.way2b1.runners.smokeRunner">
        <test-method status="PASS" signature="setUpClass()[pri:0, instance:com.way2b1.runners.smokeRunner@4bec1f0c]" name="setUpClass" is-config="true" duration-ms="133" started-at="2018-10-28T19:49:21Z" finished-at="2018-10-28T19:49:21Z">
          <reporter-output>
          </reporter-output>
        </test-method> <!-- setUpClass -->
        <test-method status="PASS" signature="feature(cucumber.api.testng.CucumberFeatureWrapper)[pri:0, instance:com.way2b1.runners.smokeRunner@4bec1f0c]" name="feature" duration-ms="4535" started-at="2018-10-28T19:49:21Z" description="Runs Cucumber Feature" data-provider="features" finished-at="2018-10-28T19:49:25Z">
          <params>
            <param index="0">
              <value>
                <![CDATA[Products Page]]>
              </value>
            </param>
          </params>
          <reporter-output>
          </reporter-output>
        </test-method> <!-- feature -->
        <test-method status="PASS" signature="tearDownClass()[pri:0, instance:com.way2b1.runners.smokeRunner@4bec1f0c]" name="tearDownClass" is-config="true" duration-ms="6" started-at="2018-10-28T19:49:25Z" finished-at="2018-10-28T19:49:25Z">
          <reporter-output>
          </reporter-output>
        </test-method> <!-- tearDownClass -->
      </class> <!-- com.way2b1.runners.smokeRunner -->
    </test> <!-- Default test -->
  </suite> <!-- Default suite -->
</testng-results>
